<?xml version="1.0" encoding="UTF-8"?>
<!-- Generated by org.testng.reporters.JUnitReportReporter -->
<testsuite hostname="rishabh-sharma-qa" name="Scenarios.abc" tests="1" failures="0" timestamp="23 Oct 2022 15:56:02 GMT" time="230.203" errors="0">
  <testcase name="verify_purchase" time="230.203" classname="Scenarios.abc"/>
</testsuite> <!-- Scenarios.abc -->
