<?xml version="1.0" encoding="UTF-8"?>
<!-- Generated by org.testng.reporters.JUnitReportReporter -->
<testsuite hostname="archana-maddhesiya" name="Scenarios.fetchStateList" tests="1" failures="0" timestamp="24 Jun 2022 09:48:23 GMT" time="2.758" errors="0">
  <testcase name="getStateListAll" time="2.758" classname="Scenarios.fetchStateList"/>
</testsuite> <!-- Scenarios.fetchStateList -->
