<?xml version="1.0" encoding="UTF-8"?>
<!-- Generated by org.testng.reporters.JUnitReportReporter -->
<testsuite hostname="rishabh-sharma-qa" name="Scenarios.ImportDataForAllModuleScenarios" tests="1" failures="0" timestamp="3 Aug 2022 10:10:54 GMT" time="15.297" errors="0">
  <testcase name="importDataVerifyForAllData" time="15.297" classname="Scenarios.ImportDataForAllModuleScenarios"/>
</testsuite> <!-- Scenarios.ImportDataForAllModuleScenarios -->
