<?xml version="1.0" encoding="UTF-8"?>
<!-- Generated by org.testng.reporters.JUnitReportReporter -->
<testsuite hostname="archana-maddhesiya" name="Scenarios.createPayrollScheduleScenarios" tests="1" failures="0" timestamp="5 Jul 2022 04:59:06 GMT" time="4.444" errors="0">
  <testcase name="createPayrollSchedulePositive" time="4.444" classname="Scenarios.createPayrollScheduleScenarios"/>
</testsuite> <!-- Scenarios.createPayrollScheduleScenarios -->
