<?xml version="1.0" encoding="UTF-8"?>
<!-- Generated by org.testng.reporters.JUnitReportReporter -->
<testsuite hostname="archana-maddhesiya" name="Scenarios.importDownloadSampleFileScenarios" tests="1" failures="0" timestamp="2 Aug 2022 06:34:11 GMT" time="11.754" errors="0">
  <testcase name="importAttachmentFileForContractors" time="11.754" classname="Scenarios.importDownloadSampleFileScenarios"/>
</testsuite> <!-- Scenarios.importDownloadSampleFileScenarios -->
