<?xml version="1.0" encoding="UTF-8"?>
<!-- Generated by org.testng.reporters.JUnitReportReporter -->
<testsuite hostname="archana-maddhesiya" name="Scenarios.userLogout" tests="1" failures="0" timestamp="24 Jun 2022 09:45:33 GMT" time="3.146" errors="0">
  <testcase name="userLogoutNegative" time="3.146" classname="Scenarios.userLogout"/>
</testsuite> <!-- Scenarios.userLogout -->
