<?xml version="1.0" encoding="UTF-8"?>
<!-- Generated by org.testng.reporters.JUnitReportReporter -->
<testsuite hostname="archana-maddhesiya" name="Scenarios.employerImportDataScenarios" tests="18" failures="0" timestamp="26 Jul 2022 07:35:51 GMT" time="190.941" errors="0">
  <testcase name="employerImportDataVerifyForInvalidEIN" time="9.872" classname="Scenarios.employerImportDataScenarios"/>
  <testcase name="employerImportDataVerifyForBlankName" time="9.779" classname="Scenarios.employerImportDataScenarios"/>
  <testcase name="employerImportDataVerifyForWrongEmail" time="9.697" classname="Scenarios.employerImportDataScenarios"/>
  <testcase name="employerImportDataVerifyForDupSSN" time="23.327" classname="Scenarios.employerImportDataScenarios"/>
  <testcase name="employerImportDataVerifyForNoRecord" time="4.358" classname="Scenarios.employerImportDataScenarios"/>
  <testcase name="employerImportDataVerifyForCountryCodeOtherThanUSA" time="9.829" classname="Scenarios.employerImportDataScenarios"/>
  <testcase name="employerImportDataVerifyForWrongEnumerationStatus" time="9.949" classname="Scenarios.employerImportDataScenarios"/>
  <testcase name="employerImportDataVerifyForEmployerNumber" time="10.079" classname="Scenarios.employerImportDataScenarios"/>
  <testcase name="employerImportDataVerifyForDupEIN" time="20.961" classname="Scenarios.employerImportDataScenarios"/>
  <testcase name="employerImportDataVerifyFieldsPositive" time="14.368" classname="Scenarios.employerImportDataScenarios"/>
  <testcase name="employerImportDataVerifyForNameValidation" time="10.440" classname="Scenarios.employerImportDataScenarios"/>
  <testcase name="employeeimportDataVerifyForBlankFile" time="4.416" classname="Scenarios.employerImportDataScenarios"/>
  <testcase name="employerImportDataVerifyForMissingColumns" time="4.419" classname="Scenarios.employerImportDataScenarios"/>
  <testcase name="employerImportDataVerifyForWrongBankAccountRTN" time="9.848" classname="Scenarios.employerImportDataScenarios"/>
  <testcase name="employerImportDataVerifyForInvalidTimeZone" time="9.850" classname="Scenarios.employerImportDataScenarios"/>
  <testcase name="employerImportDataVerifyForDocumentTemplateNumber" time="9.861" classname="Scenarios.employerImportDataScenarios"/>
  <testcase name="employerImportDataVerifyForInvalidSSN" time="9.858" classname="Scenarios.employerImportDataScenarios"/>
  <testcase name="importDataVerifyNumberOf1099WorkersMA" time="10.030" classname="Scenarios.employerImportDataScenarios"/>
</testsuite> <!-- Scenarios.employerImportDataScenarios -->
